[2025-03-12 06:05:49] local.ERROR: The "-i" option does not exist. {"exception":"[object] (Symfony\\Component\\Console\\Exception\\RuntimeException(code: 0): The \"-i\" option does not exist. at C:\\Users\\Naufal\\Documents\\tugas1-api-swagger\\tugas1-api-swagger\\vendor\\symfony\\console\\Input\\ArgvInput.php:128)
[stacktrace]
#0 C:\\Users\\Naufal\\Documents\\tugas1-api-swagger\\tugas1-api-swagger\\vendor\\symfony\\console\\Input\\ArgvInput.php(110): Symfony\\Component\\Console\\Input\\ArgvInput->parseShortOptionSet('migration')
#1 C:\\Users\\Naufal\\Documents\\tugas1-api-swagger\\tugas1-api-swagger\\vendor\\symfony\\console\\Input\\ArgvInput.php(90): Symfony\\Component\\Console\\Input\\ArgvInput->parseShortOption('-migration')
#2 C:\\Users\\Naufal\\Documents\\tugas1-api-swagger\\tugas1-api-swagger\\vendor\\symfony\\console\\Input\\ArgvInput.php(77): Symfony\\Component\\Console\\Input\\ArgvInput->parseToken('-migration', true)
#3 C:\\Users\\Naufal\\Documents\\tugas1-api-swagger\\tugas1-api-swagger\\vendor\\symfony\\console\\Input\\Input.php(53): Symfony\\Component\\Console\\Input\\ArgvInput->parse()
#4 C:\\Users\\Naufal\\Documents\\tugas1-api-swagger\\tugas1-api-swagger\\vendor\\symfony\\console\\Command\\Command.php(238): Symfony\\Component\\Console\\Input\\Input->bind(Object(Symfony\\Component\\Console\\Input\\InputDefinition))
#5 C:\\Users\\Naufal\\Documents\\tugas1-api-swagger\\tugas1-api-swagger\\vendor\\laravel\\framework\\src\\Illuminate\\Console\\Command.php(182): Symfony\\Component\\Console\\Command\\Command->run(Object(Symfony\\Component\\Console\\Input\\ArgvInput), Object(Illuminate\\Console\\OutputStyle))
#6 C:\\Users\\Naufal\\Documents\\tugas1-api-swagger\\tugas1-api-swagger\\vendor\\symfony\\console\\Application.php(1094): Illuminate\\Console\\Command->run(Object(Symfony\\Component\\Console\\Input\\ArgvInput), Object(Symfony\\Component\\Console\\Output\\ConsoleOutput))
#7 C:\\Users\\Naufal\\Documents\\tugas1-api-swagger\\tugas1-api-swagger\\vendor\\symfony\\console\\Application.php(342): Symfony\\Component\\Console\\Application->doRunCommand(Object(Illuminate\\Foundation\\Console\\ModelMakeCommand), Object(Symfony\\Component\\Console\\Input\\ArgvInput), Object(Symfony\\Component\\Console\\Output\\ConsoleOutput))
#8 C:\\Users\\Naufal\\Documents\\tugas1-api-swagger\\tugas1-api-swagger\\vendor\\symfony\\console\\Application.php(193): Symfony\\Component\\Console\\Application->doRun(Object(Symfony\\Component\\Console\\Input\\ArgvInput), Object(Symfony\\Component\\Console\\Output\\ConsoleOutput))
#9 C:\\Users\\Naufal\\Documents\\tugas1-api-swagger\\tugas1-api-swagger\\vendor\\laravel\\framework\\src\\Illuminate\\Foundation\\Console\\Kernel.php(198): Symfony\\Component\\Console\\Application->run(Object(Symfony\\Component\\Console\\Input\\ArgvInput), Object(Symfony\\Component\\Console\\Output\\ConsoleOutput))
#10 C:\\Users\\Naufal\\Documents\\tugas1-api-swagger\\tugas1-api-swagger\\vendor\\laravel\\framework\\src\\Illuminate\\Foundation\\Application.php(1235): Illuminate\\Foundation\\Console\\Kernel->handle(Object(Symfony\\Component\\Console\\Input\\ArgvInput), Object(Symfony\\Component\\Console\\Output\\ConsoleOutput))
#11 C:\\Users\\Naufal\\Documents\\tugas1-api-swagger\\tugas1-api-swagger\\artisan(16): Illuminate\\Foundation\\Application->handleCommand(Object(Symfony\\Component\\Console\\Input\\ArgvInput))
#12 {main}
"} 
[2025-03-12 06:06:30] local.ERROR: The "-i" option does not exist. {"exception":"[object] (Symfony\\Component\\Console\\Exception\\RuntimeException(code: 0): The \"-i\" option does not exist. at C:\\Users\\Naufal\\Documents\\tugas1-api-swagger\\tugas1-api-swagger\\vendor\\symfony\\console\\Input\\ArgvInput.php:128)
[stacktrace]
#0 C:\\Users\\Naufal\\Documents\\tugas1-api-swagger\\tugas1-api-swagger\\vendor\\symfony\\console\\Input\\ArgvInput.php(110): Symfony\\Component\\Console\\Input\\ArgvInput->parseShortOptionSet('migration')
#1 C:\\Users\\Naufal\\Documents\\tugas1-api-swagger\\tugas1-api-swagger\\vendor\\symfony\\console\\Input\\ArgvInput.php(90): Symfony\\Component\\Console\\Input\\ArgvInput->parseShortOption('-migration')
#2 C:\\Users\\Naufal\\Documents\\tugas1-api-swagger\\tugas1-api-swagger\\vendor\\symfony\\console\\Input\\ArgvInput.php(77): Symfony\\Component\\Console\\Input\\ArgvInput->parseToken('-migration', true)
#3 C:\\Users\\Naufal\\Documents\\tugas1-api-swagger\\tugas1-api-swagger\\vendor\\symfony\\console\\Input\\Input.php(53): Symfony\\Component\\Console\\Input\\ArgvInput->parse()
#4 C:\\Users\\Naufal\\Documents\\tugas1-api-swagger\\tugas1-api-swagger\\vendor\\symfony\\console\\Command\\Command.php(238): Symfony\\Component\\Console\\Input\\Input->bind(Object(Symfony\\Component\\Console\\Input\\InputDefinition))
#5 C:\\Users\\Naufal\\Documents\\tugas1-api-swagger\\tugas1-api-swagger\\vendor\\laravel\\framework\\src\\Illuminate\\Console\\Command.php(182): Symfony\\Component\\Console\\Command\\Command->run(Object(Symfony\\Component\\Console\\Input\\ArgvInput), Object(Illuminate\\Console\\OutputStyle))
#6 C:\\Users\\Naufal\\Documents\\tugas1-api-swagger\\tugas1-api-swagger\\vendor\\symfony\\console\\Application.php(1094): Illuminate\\Console\\Command->run(Object(Symfony\\Component\\Console\\Input\\ArgvInput), Object(Symfony\\Component\\Console\\Output\\ConsoleOutput))
#7 C:\\Users\\Naufal\\Documents\\tugas1-api-swagger\\tugas1-api-swagger\\vendor\\symfony\\console\\Application.php(342): Symfony\\Component\\Console\\Application->doRunCommand(Object(Illuminate\\Foundation\\Console\\ModelMakeCommand), Object(Symfony\\Component\\Console\\Input\\ArgvInput), Object(Symfony\\Component\\Console\\Output\\ConsoleOutput))
#8 C:\\Users\\Naufal\\Documents\\tugas1-api-swagger\\tugas1-api-swagger\\vendor\\symfony\\console\\Application.php(193): Symfony\\Component\\Console\\Application->doRun(Object(Symfony\\Component\\Console\\Input\\ArgvInput), Object(Symfony\\Component\\Console\\Output\\ConsoleOutput))
#9 C:\\Users\\Naufal\\Documents\\tugas1-api-swagger\\tugas1-api-swagger\\vendor\\laravel\\framework\\src\\Illuminate\\Foundation\\Console\\Kernel.php(198): Symfony\\Component\\Console\\Application->run(Object(Symfony\\Component\\Console\\Input\\ArgvInput), Object(Symfony\\Component\\Console\\Output\\ConsoleOutput))
#10 C:\\Users\\Naufal\\Documents\\tugas1-api-swagger\\tugas1-api-swagger\\vendor\\laravel\\framework\\src\\Illuminate\\Foundation\\Application.php(1235): Illuminate\\Foundation\\Console\\Kernel->handle(Object(Symfony\\Component\\Console\\Input\\ArgvInput), Object(Symfony\\Component\\Console\\Output\\ConsoleOutput))
#11 C:\\Users\\Naufal\\Documents\\tugas1-api-swagger\\tugas1-api-swagger\\artisan(16): Illuminate\\Foundation\\Application->handleCommand(Object(Symfony\\Component\\Console\\Input\\ArgvInput))
#12 {main}
"} 
[2025-03-12 06:06:49] local.ERROR: Too many arguments to "make:model" command, expected arguments "name". {"exception":"[object] (Symfony\\Component\\Console\\Exception\\RuntimeException(code: 0): Too many arguments to \"make:model\" command, expected arguments \"name\". at C:\\Users\\Naufal\\Documents\\tugas1-api-swagger\\tugas1-api-swagger\\vendor\\symfony\\console\\Input\\ArgvInput.php:199)
[stacktrace]
#0 C:\\Users\\Naufal\\Documents\\tugas1-api-swagger\\tugas1-api-swagger\\vendor\\symfony\\console\\Input\\ArgvInput.php(92): Symfony\\Component\\Console\\Input\\ArgvInput->parseArgument('\\xE2\\x80\\x93seed')
#1 C:\\Users\\Naufal\\Documents\\tugas1-api-swagger\\tugas1-api-swagger\\vendor\\symfony\\console\\Input\\ArgvInput.php(77): Symfony\\Component\\Console\\Input\\ArgvInput->parseToken('\\xE2\\x80\\x93seed', true)
#2 C:\\Users\\Naufal\\Documents\\tugas1-api-swagger\\tugas1-api-swagger\\vendor\\symfony\\console\\Input\\Input.php(53): Symfony\\Component\\Console\\Input\\ArgvInput->parse()
#3 C:\\Users\\Naufal\\Documents\\tugas1-api-swagger\\tugas1-api-swagger\\vendor\\symfony\\console\\Command\\Command.php(238): Symfony\\Component\\Console\\Input\\Input->bind(Object(Symfony\\Component\\Console\\Input\\InputDefinition))
#4 C:\\Users\\Naufal\\Documents\\tugas1-api-swagger\\tugas1-api-swagger\\vendor\\laravel\\framework\\src\\Illuminate\\Console\\Command.php(182): Symfony\\Component\\Console\\Command\\Command->run(Object(Symfony\\Component\\Console\\Input\\ArgvInput), Object(Illuminate\\Console\\OutputStyle))
#5 C:\\Users\\Naufal\\Documents\\tugas1-api-swagger\\tugas1-api-swagger\\vendor\\symfony\\console\\Application.php(1094): Illuminate\\Console\\Command->run(Object(Symfony\\Component\\Console\\Input\\ArgvInput), Object(Symfony\\Component\\Console\\Output\\ConsoleOutput))
#6 C:\\Users\\Naufal\\Documents\\tugas1-api-swagger\\tugas1-api-swagger\\vendor\\symfony\\console\\Application.php(342): Symfony\\Component\\Console\\Application->doRunCommand(Object(Illuminate\\Foundation\\Console\\ModelMakeCommand), Object(Symfony\\Component\\Console\\Input\\ArgvInput), Object(Symfony\\Component\\Console\\Output\\ConsoleOutput))
#7 C:\\Users\\Naufal\\Documents\\tugas1-api-swagger\\tugas1-api-swagger\\vendor\\symfony\\console\\Application.php(193): Symfony\\Component\\Console\\Application->doRun(Object(Symfony\\Component\\Console\\Input\\ArgvInput), Object(Symfony\\Component\\Console\\Output\\ConsoleOutput))
#8 C:\\Users\\Naufal\\Documents\\tugas1-api-swagger\\tugas1-api-swagger\\vendor\\laravel\\framework\\src\\Illuminate\\Foundation\\Console\\Kernel.php(198): Symfony\\Component\\Console\\Application->run(Object(Symfony\\Component\\Console\\Input\\ArgvInput), Object(Symfony\\Component\\Console\\Output\\ConsoleOutput))
#9 C:\\Users\\Naufal\\Documents\\tugas1-api-swagger\\tugas1-api-swagger\\vendor\\laravel\\framework\\src\\Illuminate\\Foundation\\Application.php(1235): Illuminate\\Foundation\\Console\\Kernel->handle(Object(Symfony\\Component\\Console\\Input\\ArgvInput), Object(Symfony\\Component\\Console\\Output\\ConsoleOutput))
#10 C:\\Users\\Naufal\\Documents\\tugas1-api-swagger\\tugas1-api-swagger\\artisan(16): Illuminate\\Foundation\\Application->handleCommand(Object(Symfony\\Component\\Console\\Input\\ArgvInput))
#11 {main}
"} 
[2025-03-12 06:34:42] local.ERROR: Undefined variable $request {"exception":"[object] (ErrorException(code: 0): Undefined variable $request at C:\\Users\\Naufal\\Documents\\tugas1-api-swagger\\tugas1-api-swagger\\routes\\api.php:6)
[stacktrace]
#0 C:\\Users\\Naufal\\Documents\\tugas1-api-swagger\\tugas1-api-swagger\\vendor\\laravel\\framework\\src\\Illuminate\\Foundation\\Bootstrap\\HandleExceptions.php(256): Illuminate\\Foundation\\Bootstrap\\HandleExceptions->handleError(2, 'Undefined varia...', 'C:\\\\Users\\\\Naufal...', 6)
#1 C:\\Users\\Naufal\\Documents\\tugas1-api-swagger\\tugas1-api-swagger\\routes\\api.php(6): Illuminate\\Foundation\\Bootstrap\\HandleExceptions->Illuminate\\Foundation\\Bootstrap\\{closure}(2, 'Undefined varia...', 'C:\\\\Users\\\\Naufal...', 6)
#2 C:\\Users\\Naufal\\Documents\\tugas1-api-swagger\\tugas1-api-swagger\\vendor\\laravel\\framework\\src\\Illuminate\\Routing\\RouteFileRegistrar.php(35): require('C:\\\\Users\\\\Naufal...')
#3 C:\\Users\\Naufal\\Documents\\tugas1-api-swagger\\tugas1-api-swagger\\vendor\\laravel\\framework\\src\\Illuminate\\Routing\\Router.php(513): Illuminate\\Routing\\RouteFileRegistrar->register('C:\\\\Users\\\\Naufal...')
#4 C:\\Users\\Naufal\\Documents\\tugas1-api-swagger\\tugas1-api-swagger\\vendor\\laravel\\framework\\src\\Illuminate\\Routing\\Router.php(467): Illuminate\\Routing\\Router->loadRoutes('C:\\\\Users\\\\Naufal...')
#5 C:\\Users\\Naufal\\Documents\\tugas1-api-swagger\\tugas1-api-swagger\\vendor\\laravel\\framework\\src\\Illuminate\\Routing\\RouteRegistrar.php(207): Illuminate\\Routing\\Router->group(Array, 'C:\\\\Users\\\\Naufal...')
#6 C:\\Users\\Naufal\\Documents\\tugas1-api-swagger\\tugas1-api-swagger\\vendor\\laravel\\framework\\src\\Illuminate\\Foundation\\Configuration\\ApplicationBuilder.php(214): Illuminate\\Routing\\RouteRegistrar->group('C:\\\\Users\\\\Naufal...')
#7 C:\\Users\\Naufal\\Documents\\tugas1-api-swagger\\tugas1-api-swagger\\vendor\\laravel\\framework\\src\\Illuminate\\Container\\BoundMethod.php(36): Illuminate\\Foundation\\Configuration\\ApplicationBuilder->Illuminate\\Foundation\\Configuration\\{closure}()
#8 C:\\Users\\Naufal\\Documents\\tugas1-api-swagger\\tugas1-api-swagger\\vendor\\laravel\\framework\\src\\Illuminate\\Container\\Util.php(43): Illuminate\\Container\\BoundMethod::Illuminate\\Container\\{closure}()
#9 C:\\Users\\Naufal\\Documents\\tugas1-api-swagger\\tugas1-api-swagger\\vendor\\laravel\\framework\\src\\Illuminate\\Container\\BoundMethod.php(83): Illuminate\\Container\\Util::unwrapIfClosure(Object(Closure))
#10 C:\\Users\\Naufal\\Documents\\tugas1-api-swagger\\tugas1-api-swagger\\vendor\\laravel\\framework\\src\\Illuminate\\Container\\BoundMethod.php(35): Illuminate\\Container\\BoundMethod::callBoundMethod(Object(Illuminate\\Foundation\\Application), Object(Closure), Object(Closure))
#11 C:\\Users\\Naufal\\Documents\\tugas1-api-swagger\\tugas1-api-swagger\\vendor\\laravel\\framework\\src\\Illuminate\\Container\\Container.php(754): Illuminate\\Container\\BoundMethod::call(Object(Illuminate\\Foundation\\Application), Object(Closure), Array, NULL)
#12 C:\\Users\\Naufal\\Documents\\tugas1-api-swagger\\tugas1-api-swagger\\vendor\\laravel\\framework\\src\\Illuminate\\Foundation\\Support\\Providers\\RouteServiceProvider.php(162): Illuminate\\Container\\Container->call(Object(Closure))
#13 C:\\Users\\Naufal\\Documents\\tugas1-api-swagger\\tugas1-api-swagger\\vendor\\laravel\\framework\\src\\Illuminate\\Foundation\\Support\\Providers\\RouteServiceProvider.php(59): Illuminate\\Foundation\\Support\\Providers\\RouteServiceProvider->loadRoutes()
#14 C:\\Users\\Naufal\\Documents\\tugas1-api-swagger\\tugas1-api-swagger\\vendor\\laravel\\framework\\src\\Illuminate\\Container\\BoundMethod.php(36): Illuminate\\Foundation\\Support\\Providers\\RouteServiceProvider->Illuminate\\Foundation\\Support\\Providers\\{closure}()
#15 C:\\Users\\Naufal\\Documents\\tugas1-api-swagger\\tugas1-api-swagger\\vendor\\laravel\\framework\\src\\Illuminate\\Container\\Util.php(43): Illuminate\\Container\\BoundMethod::Illuminate\\Container\\{closure}()
#16 C:\\Users\\Naufal\\Documents\\tugas1-api-swagger\\tugas1-api-swagger\\vendor\\laravel\\framework\\src\\Illuminate\\Container\\BoundMethod.php(83): Illuminate\\Container\\Util::unwrapIfClosure(Object(Closure))
#17 C:\\Users\\Naufal\\Documents\\tugas1-api-swagger\\tugas1-api-swagger\\vendor\\laravel\\framework\\src\\Illuminate\\Container\\BoundMethod.php(35): Illuminate\\Container\\BoundMethod::callBoundMethod(Object(Illuminate\\Foundation\\Application), Object(Closure), Object(Closure))
#18 C:\\Users\\Naufal\\Documents\\tugas1-api-swagger\\tugas1-api-swagger\\vendor\\laravel\\framework\\src\\Illuminate\\Container\\Container.php(754): Illuminate\\Container\\BoundMethod::call(Object(Illuminate\\Foundation\\Application), Object(Closure), Array, NULL)
#19 C:\\Users\\Naufal\\Documents\\tugas1-api-swagger\\tugas1-api-swagger\\vendor\\laravel\\framework\\src\\Illuminate\\Support\\ServiceProvider.php(144): Illuminate\\Container\\Container->call(Object(Closure))
#20 C:\\Users\\Naufal\\Documents\\tugas1-api-swagger\\tugas1-api-swagger\\vendor\\laravel\\framework\\src\\Illuminate\\Foundation\\Application.php(1154): Illuminate\\Support\\ServiceProvider->callBootedCallbacks()
#21 C:\\Users\\Naufal\\Documents\\tugas1-api-swagger\\tugas1-api-swagger\\vendor\\laravel\\framework\\src\\Illuminate\\Foundation\\Application.php(1132): Illuminate\\Foundation\\Application->bootProvider(Object(Illuminate\\Foundation\\Support\\Providers\\RouteServiceProvider))
#22 [internal function]: Illuminate\\Foundation\\Application->Illuminate\\Foundation\\{closure}(Object(Illuminate\\Foundation\\Support\\Providers\\RouteServiceProvider), 'Illuminate\\\\Foun...')
#23 C:\\Users\\Naufal\\Documents\\tugas1-api-swagger\\tugas1-api-swagger\\vendor\\laravel\\framework\\src\\Illuminate\\Foundation\\Application.php(1131): array_walk(Array, Object(Closure))
#24 C:\\Users\\Naufal\\Documents\\tugas1-api-swagger\\tugas1-api-swagger\\vendor\\laravel\\framework\\src\\Illuminate\\Foundation\\Bootstrap\\BootProviders.php(17): Illuminate\\Foundation\\Application->boot()
#25 C:\\Users\\Naufal\\Documents\\tugas1-api-swagger\\tugas1-api-swagger\\vendor\\laravel\\framework\\src\\Illuminate\\Foundation\\Application.php(342): Illuminate\\Foundation\\Bootstrap\\BootProviders->bootstrap(Object(Illuminate\\Foundation\\Application))
#26 C:\\Users\\Naufal\\Documents\\tugas1-api-swagger\\tugas1-api-swagger\\vendor\\laravel\\framework\\src\\Illuminate\\Foundation\\Console\\Kernel.php(474): Illuminate\\Foundation\\Application->bootstrapWith(Array)
#27 C:\\Users\\Naufal\\Documents\\tugas1-api-swagger\\tugas1-api-swagger\\vendor\\laravel\\framework\\src\\Illuminate\\Foundation\\Console\\Kernel.php(196): Illuminate\\Foundation\\Console\\Kernel->bootstrap()
#28 C:\\Users\\Naufal\\Documents\\tugas1-api-swagger\\tugas1-api-swagger\\vendor\\laravel\\framework\\src\\Illuminate\\Foundation\\Application.php(1235): Illuminate\\Foundation\\Console\\Kernel->handle(Object(Symfony\\Component\\Console\\Input\\ArgvInput), Object(Symfony\\Component\\Console\\Output\\ConsoleOutput))
#29 C:\\Users\\Naufal\\Documents\\tugas1-api-swagger\\tugas1-api-swagger\\artisan(16): Illuminate\\Foundation\\Application->handleCommand(Object(Symfony\\Component\\Console\\Input\\ArgvInput))
#30 {main}
"} 
[2025-03-12 06:36:12] local.ERROR: Undefined variable $request {"exception":"[object] (ErrorException(code: 0): Undefined variable $request at C:\\Users\\Naufal\\Documents\\tugas1-api-swagger\\tugas1-api-swagger\\routes\\api.php:6)
[stacktrace]
#0 C:\\Users\\Naufal\\Documents\\tugas1-api-swagger\\tugas1-api-swagger\\vendor\\laravel\\framework\\src\\Illuminate\\Foundation\\Bootstrap\\HandleExceptions.php(256): Illuminate\\Foundation\\Bootstrap\\HandleExceptions->handleError(2, 'Undefined varia...', 'C:\\\\Users\\\\Naufal...', 6)
#1 C:\\Users\\Naufal\\Documents\\tugas1-api-swagger\\tugas1-api-swagger\\routes\\api.php(6): Illuminate\\Foundation\\Bootstrap\\HandleExceptions->Illuminate\\Foundation\\Bootstrap\\{closure}(2, 'Undefined varia...', 'C:\\\\Users\\\\Naufal...', 6)
#2 C:\\Users\\Naufal\\Documents\\tugas1-api-swagger\\tugas1-api-swagger\\vendor\\laravel\\framework\\src\\Illuminate\\Routing\\RouteFileRegistrar.php(35): require('C:\\\\Users\\\\Naufal...')
#3 C:\\Users\\Naufal\\Documents\\tugas1-api-swagger\\tugas1-api-swagger\\vendor\\laravel\\framework\\src\\Illuminate\\Routing\\Router.php(513): Illuminate\\Routing\\RouteFileRegistrar->register('C:\\\\Users\\\\Naufal...')
#4 C:\\Users\\Naufal\\Documents\\tugas1-api-swagger\\tugas1-api-swagger\\vendor\\laravel\\framework\\src\\Illuminate\\Routing\\Router.php(467): Illuminate\\Routing\\Router->loadRoutes('C:\\\\Users\\\\Naufal...')
#5 C:\\Users\\Naufal\\Documents\\tugas1-api-swagger\\tugas1-api-swagger\\vendor\\laravel\\framework\\src\\Illuminate\\Routing\\RouteRegistrar.php(207): Illuminate\\Routing\\Router->group(Array, 'C:\\\\Users\\\\Naufal...')
#6 C:\\Users\\Naufal\\Documents\\tugas1-api-swagger\\tugas1-api-swagger\\vendor\\laravel\\framework\\src\\Illuminate\\Foundation\\Configuration\\ApplicationBuilder.php(214): Illuminate\\Routing\\RouteRegistrar->group('C:\\\\Users\\\\Naufal...')
#7 C:\\Users\\Naufal\\Documents\\tugas1-api-swagger\\tugas1-api-swagger\\vendor\\laravel\\framework\\src\\Illuminate\\Container\\BoundMethod.php(36): Illuminate\\Foundation\\Configuration\\ApplicationBuilder->Illuminate\\Foundation\\Configuration\\{closure}()
#8 C:\\Users\\Naufal\\Documents\\tugas1-api-swagger\\tugas1-api-swagger\\vendor\\laravel\\framework\\src\\Illuminate\\Container\\Util.php(43): Illuminate\\Container\\BoundMethod::Illuminate\\Container\\{closure}()
#9 C:\\Users\\Naufal\\Documents\\tugas1-api-swagger\\tugas1-api-swagger\\vendor\\laravel\\framework\\src\\Illuminate\\Container\\BoundMethod.php(83): Illuminate\\Container\\Util::unwrapIfClosure(Object(Closure))
#10 C:\\Users\\Naufal\\Documents\\tugas1-api-swagger\\tugas1-api-swagger\\vendor\\laravel\\framework\\src\\Illuminate\\Container\\BoundMethod.php(35): Illuminate\\Container\\BoundMethod::callBoundMethod(Object(Illuminate\\Foundation\\Application), Object(Closure), Object(Closure))
#11 C:\\Users\\Naufal\\Documents\\tugas1-api-swagger\\tugas1-api-swagger\\vendor\\laravel\\framework\\src\\Illuminate\\Container\\Container.php(754): Illuminate\\Container\\BoundMethod::call(Object(Illuminate\\Foundation\\Application), Object(Closure), Array, NULL)
#12 C:\\Users\\Naufal\\Documents\\tugas1-api-swagger\\tugas1-api-swagger\\vendor\\laravel\\framework\\src\\Illuminate\\Foundation\\Support\\Providers\\RouteServiceProvider.php(162): Illuminate\\Container\\Container->call(Object(Closure))
#13 C:\\Users\\Naufal\\Documents\\tugas1-api-swagger\\tugas1-api-swagger\\vendor\\laravel\\framework\\src\\Illuminate\\Foundation\\Support\\Providers\\RouteServiceProvider.php(59): Illuminate\\Foundation\\Support\\Providers\\RouteServiceProvider->loadRoutes()
#14 C:\\Users\\Naufal\\Documents\\tugas1-api-swagger\\tugas1-api-swagger\\vendor\\laravel\\framework\\src\\Illuminate\\Container\\BoundMethod.php(36): Illuminate\\Foundation\\Support\\Providers\\RouteServiceProvider->Illuminate\\Foundation\\Support\\Providers\\{closure}()
#15 C:\\Users\\Naufal\\Documents\\tugas1-api-swagger\\tugas1-api-swagger\\vendor\\laravel\\framework\\src\\Illuminate\\Container\\Util.php(43): Illuminate\\Container\\BoundMethod::Illuminate\\Container\\{closure}()
#16 C:\\Users\\Naufal\\Documents\\tugas1-api-swagger\\tugas1-api-swagger\\vendor\\laravel\\framework\\src\\Illuminate\\Container\\BoundMethod.php(83): Illuminate\\Container\\Util::unwrapIfClosure(Object(Closure))
#17 C:\\Users\\Naufal\\Documents\\tugas1-api-swagger\\tugas1-api-swagger\\vendor\\laravel\\framework\\src\\Illuminate\\Container\\BoundMethod.php(35): Illuminate\\Container\\BoundMethod::callBoundMethod(Object(Illuminate\\Foundation\\Application), Object(Closure), Object(Closure))
#18 C:\\Users\\Naufal\\Documents\\tugas1-api-swagger\\tugas1-api-swagger\\vendor\\laravel\\framework\\src\\Illuminate\\Container\\Container.php(754): Illuminate\\Container\\BoundMethod::call(Object(Illuminate\\Foundation\\Application), Object(Closure), Array, NULL)
#19 C:\\Users\\Naufal\\Documents\\tugas1-api-swagger\\tugas1-api-swagger\\vendor\\laravel\\framework\\src\\Illuminate\\Support\\ServiceProvider.php(144): Illuminate\\Container\\Container->call(Object(Closure))
#20 C:\\Users\\Naufal\\Documents\\tugas1-api-swagger\\tugas1-api-swagger\\vendor\\laravel\\framework\\src\\Illuminate\\Foundation\\Application.php(1154): Illuminate\\Support\\ServiceProvider->callBootedCallbacks()
#21 C:\\Users\\Naufal\\Documents\\tugas1-api-swagger\\tugas1-api-swagger\\vendor\\laravel\\framework\\src\\Illuminate\\Foundation\\Application.php(1132): Illuminate\\Foundation\\Application->bootProvider(Object(Illuminate\\Foundation\\Support\\Providers\\RouteServiceProvider))
#22 [internal function]: Illuminate\\Foundation\\Application->Illuminate\\Foundation\\{closure}(Object(Illuminate\\Foundation\\Support\\Providers\\RouteServiceProvider), 'Illuminate\\\\Foun...')
#23 C:\\Users\\Naufal\\Documents\\tugas1-api-swagger\\tugas1-api-swagger\\vendor\\laravel\\framework\\src\\Illuminate\\Foundation\\Application.php(1131): array_walk(Array, Object(Closure))
#24 C:\\Users\\Naufal\\Documents\\tugas1-api-swagger\\tugas1-api-swagger\\vendor\\laravel\\framework\\src\\Illuminate\\Foundation\\Bootstrap\\BootProviders.php(17): Illuminate\\Foundation\\Application->boot()
#25 C:\\Users\\Naufal\\Documents\\tugas1-api-swagger\\tugas1-api-swagger\\vendor\\laravel\\framework\\src\\Illuminate\\Foundation\\Application.php(342): Illuminate\\Foundation\\Bootstrap\\BootProviders->bootstrap(Object(Illuminate\\Foundation\\Application))
#26 C:\\Users\\Naufal\\Documents\\tugas1-api-swagger\\tugas1-api-swagger\\vendor\\laravel\\framework\\src\\Illuminate\\Foundation\\Console\\Kernel.php(474): Illuminate\\Foundation\\Application->bootstrapWith(Array)
#27 C:\\Users\\Naufal\\Documents\\tugas1-api-swagger\\tugas1-api-swagger\\vendor\\laravel\\framework\\src\\Illuminate\\Foundation\\Console\\Kernel.php(196): Illuminate\\Foundation\\Console\\Kernel->bootstrap()
#28 C:\\Users\\Naufal\\Documents\\tugas1-api-swagger\\tugas1-api-swagger\\vendor\\laravel\\framework\\src\\Illuminate\\Foundation\\Application.php(1235): Illuminate\\Foundation\\Console\\Kernel->handle(Object(Symfony\\Component\\Console\\Input\\ArgvInput), Object(Symfony\\Component\\Console\\Output\\ConsoleOutput))
#29 C:\\Users\\Naufal\\Documents\\tugas1-api-swagger\\tugas1-api-swagger\\artisan(16): Illuminate\\Foundation\\Application->handleCommand(Object(Symfony\\Component\\Console\\Input\\ArgvInput))
#30 {main}
"} 
[2025-03-12 06:50:28] local.ERROR: Database connection [MySQL] not configured. {"exception":"[object] (InvalidArgumentException(code: 0): Database connection [MySQL] not configured. at C:\\Users\\Naufal\\Documents\\tugas1-api-swagger\\tugas1-api-swagger\\vendor\\laravel\\framework\\src\\Illuminate\\Database\\DatabaseManager.php:227)
[stacktrace]
#0 C:\\Users\\Naufal\\Documents\\tugas1-api-swagger\\tugas1-api-swagger\\vendor\\laravel\\framework\\src\\Illuminate\\Database\\DatabaseManager.php(191): Illuminate\\Database\\DatabaseManager->configuration('MySQL')
#1 C:\\Users\\Naufal\\Documents\\tugas1-api-swagger\\tugas1-api-swagger\\vendor\\laravel\\framework\\src\\Illuminate\\Database\\DatabaseManager.php(103): Illuminate\\Database\\DatabaseManager->makeConnection('MySQL')
#2 C:\\Users\\Naufal\\Documents\\tugas1-api-swagger\\tugas1-api-swagger\\vendor\\laravel\\framework\\src\\Illuminate\\Cache\\CacheManager.php(227): Illuminate\\Database\\DatabaseManager->connection('MySQL')
#3 C:\\Users\\Naufal\\Documents\\tugas1-api-swagger\\tugas1-api-swagger\\vendor\\laravel\\framework\\src\\Illuminate\\Cache\\CacheManager.php(113): Illuminate\\Cache\\CacheManager->createDatabaseDriver(Array)
#4 C:\\Users\\Naufal\\Documents\\tugas1-api-swagger\\tugas1-api-swagger\\vendor\\laravel\\framework\\src\\Illuminate\\Cache\\CacheManager.php(93): Illuminate\\Cache\\CacheManager->build(Array)
#5 C:\\Users\\Naufal\\Documents\\tugas1-api-swagger\\tugas1-api-swagger\\vendor\\laravel\\framework\\src\\Illuminate\\Cache\\CacheManager.php(61): Illuminate\\Cache\\CacheManager->resolve('database')
#6 C:\\Users\\Naufal\\Documents\\tugas1-api-swagger\\tugas1-api-swagger\\vendor\\laravel\\framework\\src\\Illuminate\\Cache\\CacheManager.php(72): Illuminate\\Cache\\CacheManager->store('database')
#7 C:\\Users\\Naufal\\Documents\\tugas1-api-swagger\\tugas1-api-swagger\\vendor\\laravel\\framework\\src\\Illuminate\\Cache\\CacheServiceProvider.php(23): Illuminate\\Cache\\CacheManager->driver()
#8 C:\\Users\\Naufal\\Documents\\tugas1-api-swagger\\tugas1-api-swagger\\vendor\\laravel\\framework\\src\\Illuminate\\Container\\Container.php(1010): Illuminate\\Cache\\CacheServiceProvider->Illuminate\\Cache\\{closure}(Object(Illuminate\\Foundation\\Application), Array)
#9 C:\\Users\\Naufal\\Documents\\tugas1-api-swagger\\tugas1-api-swagger\\vendor\\laravel\\framework\\src\\Illuminate\\Container\\Container.php(890): Illuminate\\Container\\Container->build(Object(Closure))
#10 C:\\Users\\Naufal\\Documents\\tugas1-api-swagger\\tugas1-api-swagger\\vendor\\laravel\\framework\\src\\Illuminate\\Foundation\\Application.php(1078): Illuminate\\Container\\Container->resolve('cache.store', Array, true)
#11 C:\\Users\\Naufal\\Documents\\tugas1-api-swagger\\tugas1-api-swagger\\vendor\\laravel\\framework\\src\\Illuminate\\Container\\Container.php(821): Illuminate\\Foundation\\Application->resolve('cache.store', Array)
#12 C:\\Users\\Naufal\\Documents\\tugas1-api-swagger\\tugas1-api-swagger\\vendor\\laravel\\framework\\src\\Illuminate\\Foundation\\Application.php(1058): Illuminate\\Container\\Container->make('cache.store', Array)
#13 C:\\Users\\Naufal\\Documents\\tugas1-api-swagger\\tugas1-api-swagger\\vendor\\laravel\\framework\\src\\Illuminate\\Container\\Container.php(1648): Illuminate\\Foundation\\Application->make('cache.store')
#14 C:\\Users\\Naufal\\Documents\\tugas1-api-swagger\\tugas1-api-swagger\\vendor\\laravel\\framework\\src\\Illuminate\\Foundation\\Providers\\ArtisanServiceProvider.php(697): Illuminate\\Container\\Container->offsetGet('cache.store')
#15 C:\\Users\\Naufal\\Documents\\tugas1-api-swagger\\tugas1-api-swagger\\vendor\\laravel\\framework\\src\\Illuminate\\Container\\Container.php(1010): Illuminate\\Foundation\\Providers\\ArtisanServiceProvider->Illuminate\\Foundation\\Providers\\{closure}(Object(Illuminate\\Foundation\\Application), Array)
#16 C:\\Users\\Naufal\\Documents\\tugas1-api-swagger\\tugas1-api-swagger\\vendor\\laravel\\framework\\src\\Illuminate\\Container\\Container.php(890): Illuminate\\Container\\Container->build(Object(Closure))
#17 C:\\Users\\Naufal\\Documents\\tugas1-api-swagger\\tugas1-api-swagger\\vendor\\laravel\\framework\\src\\Illuminate\\Foundation\\Application.php(1078): Illuminate\\Container\\Container->resolve('Illuminate\\\\Queu...', Array, true)
#18 C:\\Users\\Naufal\\Documents\\tugas1-api-swagger\\tugas1-api-swagger\\vendor\\laravel\\framework\\src\\Illuminate\\Container\\Container.php(835): Illuminate\\Foundation\\Application->resolve('Illuminate\\\\Queu...')
#19 C:\\Users\\Naufal\\Documents\\tugas1-api-swagger\\tugas1-api-swagger\\vendor\\laravel\\framework\\src\\Illuminate\\Console\\ContainerCommandLoader.php(53): Illuminate\\Container\\Container->get('Illuminate\\\\Queu...')
#20 C:\\Users\\Naufal\\Documents\\tugas1-api-swagger\\tugas1-api-swagger\\vendor\\symfony\\console\\Application.php(608): Illuminate\\Console\\ContainerCommandLoader->get('queue:restart')
#21 C:\\Users\\Naufal\\Documents\\tugas1-api-swagger\\tugas1-api-swagger\\vendor\\symfony\\console\\Application.php(798): Symfony\\Component\\Console\\Application->has('queue:restart')
#22 C:\\Users\\Naufal\\Documents\\tugas1-api-swagger\\tugas1-api-swagger\\vendor\\symfony\\console\\Application.php(621): Symfony\\Component\\Console\\Application->all()
#23 C:\\Users\\Naufal\\Documents\\tugas1-api-swagger\\tugas1-api-swagger\\vendor\\symfony\\console\\Application.php(643): Symfony\\Component\\Console\\Application->getNamespaces()
#24 C:\\Users\\Naufal\\Documents\\tugas1-api-swagger\\tugas1-api-swagger\\vendor\\symfony\\console\\Application.php(709): Symfony\\Component\\Console\\Application->findNamespace('db')
#25 C:\\Users\\Naufal\\Documents\\tugas1-api-swagger\\tugas1-api-swagger\\vendor\\symfony\\console\\Application.php(284): Symfony\\Component\\Console\\Application->find('db:create')
#26 C:\\Users\\Naufal\\Documents\\tugas1-api-swagger\\tugas1-api-swagger\\vendor\\symfony\\console\\Application.php(193): Symfony\\Component\\Console\\Application->doRun(Object(Symfony\\Component\\Console\\Input\\ArgvInput), Object(Symfony\\Component\\Console\\Output\\ConsoleOutput))
#27 C:\\Users\\Naufal\\Documents\\tugas1-api-swagger\\tugas1-api-swagger\\vendor\\laravel\\framework\\src\\Illuminate\\Foundation\\Console\\Kernel.php(198): Symfony\\Component\\Console\\Application->run(Object(Symfony\\Component\\Console\\Input\\ArgvInput), Object(Symfony\\Component\\Console\\Output\\ConsoleOutput))
#28 C:\\Users\\Naufal\\Documents\\tugas1-api-swagger\\tugas1-api-swagger\\vendor\\laravel\\framework\\src\\Illuminate\\Foundation\\Application.php(1235): Illuminate\\Foundation\\Console\\Kernel->handle(Object(Symfony\\Component\\Console\\Input\\ArgvInput), Object(Symfony\\Component\\Console\\Output\\ConsoleOutput))
#29 C:\\Users\\Naufal\\Documents\\tugas1-api-swagger\\tugas1-api-swagger\\artisan(16): Illuminate\\Foundation\\Application->handleCommand(Object(Symfony\\Component\\Console\\Input\\ArgvInput))
#30 {main}
"} 
[2025-03-12 06:53:28] local.ERROR: Database connection [MySQL] not configured. {"exception":"[object] (InvalidArgumentException(code: 0): Database connection [MySQL] not configured. at C:\\Users\\Naufal\\Documents\\tugas1-api-swagger\\tugas1-api-swagger\\vendor\\laravel\\framework\\src\\Illuminate\\Database\\DatabaseManager.php:227)
[stacktrace]
#0 C:\\Users\\Naufal\\Documents\\tugas1-api-swagger\\tugas1-api-swagger\\vendor\\laravel\\framework\\src\\Illuminate\\Database\\DatabaseManager.php(191): Illuminate\\Database\\DatabaseManager->configuration('MySQL')
#1 C:\\Users\\Naufal\\Documents\\tugas1-api-swagger\\tugas1-api-swagger\\vendor\\laravel\\framework\\src\\Illuminate\\Database\\DatabaseManager.php(103): Illuminate\\Database\\DatabaseManager->makeConnection('MySQL')
#2 C:\\Users\\Naufal\\Documents\\tugas1-api-swagger\\tugas1-api-swagger\\vendor\\laravel\\framework\\src\\Illuminate\\Cache\\CacheManager.php(227): Illuminate\\Database\\DatabaseManager->connection('MySQL')
#3 C:\\Users\\Naufal\\Documents\\tugas1-api-swagger\\tugas1-api-swagger\\vendor\\laravel\\framework\\src\\Illuminate\\Cache\\CacheManager.php(113): Illuminate\\Cache\\CacheManager->createDatabaseDriver(Array)
#4 C:\\Users\\Naufal\\Documents\\tugas1-api-swagger\\tugas1-api-swagger\\vendor\\laravel\\framework\\src\\Illuminate\\Cache\\CacheManager.php(93): Illuminate\\Cache\\CacheManager->build(Array)
#5 C:\\Users\\Naufal\\Documents\\tugas1-api-swagger\\tugas1-api-swagger\\vendor\\laravel\\framework\\src\\Illuminate\\Cache\\CacheManager.php(61): Illuminate\\Cache\\CacheManager->resolve('database')
#6 C:\\Users\\Naufal\\Documents\\tugas1-api-swagger\\tugas1-api-swagger\\vendor\\laravel\\framework\\src\\Illuminate\\Cache\\CacheManager.php(72): Illuminate\\Cache\\CacheManager->store('database')
#7 C:\\Users\\Naufal\\Documents\\tugas1-api-swagger\\tugas1-api-swagger\\vendor\\laravel\\framework\\src\\Illuminate\\Cache\\CacheServiceProvider.php(23): Illuminate\\Cache\\CacheManager->driver()
#8 C:\\Users\\Naufal\\Documents\\tugas1-api-swagger\\tugas1-api-swagger\\vendor\\laravel\\framework\\src\\Illuminate\\Container\\Container.php(1010): Illuminate\\Cache\\CacheServiceProvider->Illuminate\\Cache\\{closure}(Object(Illuminate\\Foundation\\Application), Array)
#9 C:\\Users\\Naufal\\Documents\\tugas1-api-swagger\\tugas1-api-swagger\\vendor\\laravel\\framework\\src\\Illuminate\\Container\\Container.php(890): Illuminate\\Container\\Container->build(Object(Closure))
#10 C:\\Users\\Naufal\\Documents\\tugas1-api-swagger\\tugas1-api-swagger\\vendor\\laravel\\framework\\src\\Illuminate\\Foundation\\Application.php(1078): Illuminate\\Container\\Container->resolve('cache.store', Array, true)
#11 C:\\Users\\Naufal\\Documents\\tugas1-api-swagger\\tugas1-api-swagger\\vendor\\laravel\\framework\\src\\Illuminate\\Container\\Container.php(821): Illuminate\\Foundation\\Application->resolve('cache.store', Array)
#12 C:\\Users\\Naufal\\Documents\\tugas1-api-swagger\\tugas1-api-swagger\\vendor\\laravel\\framework\\src\\Illuminate\\Foundation\\Application.php(1058): Illuminate\\Container\\Container->make('cache.store', Array)
#13 C:\\Users\\Naufal\\Documents\\tugas1-api-swagger\\tugas1-api-swagger\\vendor\\laravel\\framework\\src\\Illuminate\\Container\\Container.php(1648): Illuminate\\Foundation\\Application->make('cache.store')
#14 C:\\Users\\Naufal\\Documents\\tugas1-api-swagger\\tugas1-api-swagger\\vendor\\laravel\\framework\\src\\Illuminate\\Foundation\\Providers\\ArtisanServiceProvider.php(697): Illuminate\\Container\\Container->offsetGet('cache.store')
#15 C:\\Users\\Naufal\\Documents\\tugas1-api-swagger\\tugas1-api-swagger\\vendor\\laravel\\framework\\src\\Illuminate\\Container\\Container.php(1010): Illuminate\\Foundation\\Providers\\ArtisanServiceProvider->Illuminate\\Foundation\\Providers\\{closure}(Object(Illuminate\\Foundation\\Application), Array)
#16 C:\\Users\\Naufal\\Documents\\tugas1-api-swagger\\tugas1-api-swagger\\vendor\\laravel\\framework\\src\\Illuminate\\Container\\Container.php(890): Illuminate\\Container\\Container->build(Object(Closure))
#17 C:\\Users\\Naufal\\Documents\\tugas1-api-swagger\\tugas1-api-swagger\\vendor\\laravel\\framework\\src\\Illuminate\\Foundation\\Application.php(1078): Illuminate\\Container\\Container->resolve('Illuminate\\\\Queu...', Array, true)
#18 C:\\Users\\Naufal\\Documents\\tugas1-api-swagger\\tugas1-api-swagger\\vendor\\laravel\\framework\\src\\Illuminate\\Container\\Container.php(835): Illuminate\\Foundation\\Application->resolve('Illuminate\\\\Queu...')
#19 C:\\Users\\Naufal\\Documents\\tugas1-api-swagger\\tugas1-api-swagger\\vendor\\laravel\\framework\\src\\Illuminate\\Console\\ContainerCommandLoader.php(53): Illuminate\\Container\\Container->get('Illuminate\\\\Queu...')
#20 C:\\Users\\Naufal\\Documents\\tugas1-api-swagger\\tugas1-api-swagger\\vendor\\symfony\\console\\Application.php(608): Illuminate\\Console\\ContainerCommandLoader->get('queue:restart')
#21 C:\\Users\\Naufal\\Documents\\tugas1-api-swagger\\tugas1-api-swagger\\vendor\\symfony\\console\\Application.php(798): Symfony\\Component\\Console\\Application->has('queue:restart')
#22 C:\\Users\\Naufal\\Documents\\tugas1-api-swagger\\tugas1-api-swagger\\vendor\\symfony\\console\\Application.php(621): Symfony\\Component\\Console\\Application->all()
#23 C:\\Users\\Naufal\\Documents\\tugas1-api-swagger\\tugas1-api-swagger\\vendor\\symfony\\console\\Application.php(643): Symfony\\Component\\Console\\Application->getNamespaces()
#24 C:\\Users\\Naufal\\Documents\\tugas1-api-swagger\\tugas1-api-swagger\\vendor\\symfony\\console\\Application.php(709): Symfony\\Component\\Console\\Application->findNamespace('db')
#25 C:\\Users\\Naufal\\Documents\\tugas1-api-swagger\\tugas1-api-swagger\\vendor\\symfony\\console\\Application.php(284): Symfony\\Component\\Console\\Application->find('db:create')
#26 C:\\Users\\Naufal\\Documents\\tugas1-api-swagger\\tugas1-api-swagger\\vendor\\symfony\\console\\Application.php(193): Symfony\\Component\\Console\\Application->doRun(Object(Symfony\\Component\\Console\\Input\\ArgvInput), Object(Symfony\\Component\\Console\\Output\\ConsoleOutput))
#27 C:\\Users\\Naufal\\Documents\\tugas1-api-swagger\\tugas1-api-swagger\\vendor\\laravel\\framework\\src\\Illuminate\\Foundation\\Console\\Kernel.php(198): Symfony\\Component\\Console\\Application->run(Object(Symfony\\Component\\Console\\Input\\ArgvInput), Object(Symfony\\Component\\Console\\Output\\ConsoleOutput))
#28 C:\\Users\\Naufal\\Documents\\tugas1-api-swagger\\tugas1-api-swagger\\vendor\\laravel\\framework\\src\\Illuminate\\Foundation\\Application.php(1235): Illuminate\\Foundation\\Console\\Kernel->handle(Object(Symfony\\Component\\Console\\Input\\ArgvInput), Object(Symfony\\Component\\Console\\Output\\ConsoleOutput))
#29 C:\\Users\\Naufal\\Documents\\tugas1-api-swagger\\tugas1-api-swagger\\artisan(16): Illuminate\\Foundation\\Application->handleCommand(Object(Symfony\\Component\\Console\\Input\\ArgvInput))
#30 {main}
"} 
[2025-03-12 06:59:11] local.ERROR: Database connection [MySQL] not configured. {"exception":"[object] (InvalidArgumentException(code: 0): Database connection [MySQL] not configured. at C:\\Users\\Naufal\\Documents\\tugas1-api-swagger\\tugas1-api-swagger\\vendor\\laravel\\framework\\src\\Illuminate\\Database\\DatabaseManager.php:227)
[stacktrace]
#0 C:\\Users\\Naufal\\Documents\\tugas1-api-swagger\\tugas1-api-swagger\\vendor\\laravel\\framework\\src\\Illuminate\\Database\\DatabaseManager.php(191): Illuminate\\Database\\DatabaseManager->configuration('MySQL')
#1 C:\\Users\\Naufal\\Documents\\tugas1-api-swagger\\tugas1-api-swagger\\vendor\\laravel\\framework\\src\\Illuminate\\Database\\DatabaseManager.php(103): Illuminate\\Database\\DatabaseManager->makeConnection('MySQL')
#2 C:\\Users\\Naufal\\Documents\\tugas1-api-swagger\\tugas1-api-swagger\\vendor\\laravel\\framework\\src\\Illuminate\\Database\\Migrations\\DatabaseMigrationRepository.php(226): Illuminate\\Database\\DatabaseManager->connection('MySQL')
#3 C:\\Users\\Naufal\\Documents\\tugas1-api-swagger\\tugas1-api-swagger\\vendor\\laravel\\framework\\src\\Illuminate\\Database\\Migrations\\DatabaseMigrationRepository.php(182): Illuminate\\Database\\Migrations\\DatabaseMigrationRepository->getConnection()
#4 C:\\Users\\Naufal\\Documents\\tugas1-api-swagger\\tugas1-api-swagger\\vendor\\laravel\\framework\\src\\Illuminate\\Database\\Migrations\\Migrator.php(742): Illuminate\\Database\\Migrations\\DatabaseMigrationRepository->repositoryExists()
#5 C:\\Users\\Naufal\\Documents\\tugas1-api-swagger\\tugas1-api-swagger\\vendor\\laravel\\framework\\src\\Illuminate\\Database\\Console\\Migrations\\MigrateCommand.php(165): Illuminate\\Database\\Migrations\\Migrator->repositoryExists()
#6 C:\\Users\\Naufal\\Documents\\tugas1-api-swagger\\tugas1-api-swagger\\vendor\\laravel\\framework\\src\\Illuminate\\Support\\helpers.php(338): Illuminate\\Database\\Console\\Migrations\\MigrateCommand->Illuminate\\Database\\Console\\Migrations\\{closure}(1)
#7 C:\\Users\\Naufal\\Documents\\tugas1-api-swagger\\tugas1-api-swagger\\vendor\\laravel\\framework\\src\\Illuminate\\Database\\Console\\Migrations\\MigrateCommand.php(165): retry(1, Object(Closure), 0, Object(Closure))
#8 C:\\Users\\Naufal\\Documents\\tugas1-api-swagger\\tugas1-api-swagger\\vendor\\laravel\\framework\\src\\Illuminate\\Database\\Console\\Migrations\\MigrateCommand.php(141): Illuminate\\Database\\Console\\Migrations\\MigrateCommand->repositoryExists()
#9 C:\\Users\\Naufal\\Documents\\tugas1-api-swagger\\tugas1-api-swagger\\vendor\\laravel\\framework\\src\\Illuminate\\Database\\Console\\Migrations\\MigrateCommand.php(111): Illuminate\\Database\\Console\\Migrations\\MigrateCommand->prepareDatabase()
#10 C:\\Users\\Naufal\\Documents\\tugas1-api-swagger\\tugas1-api-swagger\\vendor\\laravel\\framework\\src\\Illuminate\\Database\\Migrations\\Migrator.php(658): Illuminate\\Database\\Console\\Migrations\\MigrateCommand->Illuminate\\Database\\Console\\Migrations\\{closure}()
#11 C:\\Users\\Naufal\\Documents\\tugas1-api-swagger\\tugas1-api-swagger\\vendor\\laravel\\framework\\src\\Illuminate\\Database\\Console\\Migrations\\MigrateCommand.php(110): Illuminate\\Database\\Migrations\\Migrator->usingConnection(NULL, Object(Closure))
#12 C:\\Users\\Naufal\\Documents\\tugas1-api-swagger\\tugas1-api-swagger\\vendor\\laravel\\framework\\src\\Illuminate\\Database\\Console\\Migrations\\MigrateCommand.php(89): Illuminate\\Database\\Console\\Migrations\\MigrateCommand->runMigrations()
#13 C:\\Users\\Naufal\\Documents\\tugas1-api-swagger\\tugas1-api-swagger\\vendor\\laravel\\framework\\src\\Illuminate\\Container\\BoundMethod.php(36): Illuminate\\Database\\Console\\Migrations\\MigrateCommand->handle()
#14 C:\\Users\\Naufal\\Documents\\tugas1-api-swagger\\tugas1-api-swagger\\vendor\\laravel\\framework\\src\\Illuminate\\Container\\Util.php(43): Illuminate\\Container\\BoundMethod::Illuminate\\Container\\{closure}()
#15 C:\\Users\\Naufal\\Documents\\tugas1-api-swagger\\tugas1-api-swagger\\vendor\\laravel\\framework\\src\\Illuminate\\Container\\BoundMethod.php(95): Illuminate\\Container\\Util::unwrapIfClosure(Object(Closure))
#16 C:\\Users\\Naufal\\Documents\\tugas1-api-swagger\\tugas1-api-swagger\\vendor\\laravel\\framework\\src\\Illuminate\\Container\\BoundMethod.php(35): Illuminate\\Container\\BoundMethod::callBoundMethod(Object(Illuminate\\Foundation\\Application), Array, Object(Closure))
#17 C:\\Users\\Naufal\\Documents\\tugas1-api-swagger\\tugas1-api-swagger\\vendor\\laravel\\framework\\src\\Illuminate\\Container\\Container.php(754): Illuminate\\Container\\BoundMethod::call(Object(Illuminate\\Foundation\\Application), Array, Array, NULL)
#18 C:\\Users\\Naufal\\Documents\\tugas1-api-swagger\\tugas1-api-swagger\\vendor\\laravel\\framework\\src\\Illuminate\\Console\\Command.php(213): Illuminate\\Container\\Container->call(Array)
#19 C:\\Users\\Naufal\\Documents\\tugas1-api-swagger\\tugas1-api-swagger\\vendor\\symfony\\console\\Command\\Command.php(279): Illuminate\\Console\\Command->execute(Object(Symfony\\Component\\Console\\Input\\ArgvInput), Object(Illuminate\\Console\\OutputStyle))
#20 C:\\Users\\Naufal\\Documents\\tugas1-api-swagger\\tugas1-api-swagger\\vendor\\laravel\\framework\\src\\Illuminate\\Console\\Command.php(182): Symfony\\Component\\Console\\Command\\Command->run(Object(Symfony\\Component\\Console\\Input\\ArgvInput), Object(Illuminate\\Console\\OutputStyle))
#21 C:\\Users\\Naufal\\Documents\\tugas1-api-swagger\\tugas1-api-swagger\\vendor\\symfony\\console\\Application.php(1094): Illuminate\\Console\\Command->run(Object(Symfony\\Component\\Console\\Input\\ArgvInput), Object(Symfony\\Component\\Console\\Output\\ConsoleOutput))
#22 C:\\Users\\Naufal\\Documents\\tugas1-api-swagger\\tugas1-api-swagger\\vendor\\symfony\\console\\Application.php(342): Symfony\\Component\\Console\\Application->doRunCommand(Object(Illuminate\\Database\\Console\\Migrations\\MigrateCommand), Object(Symfony\\Component\\Console\\Input\\ArgvInput), Object(Symfony\\Component\\Console\\Output\\ConsoleOutput))
#23 C:\\Users\\Naufal\\Documents\\tugas1-api-swagger\\tugas1-api-swagger\\vendor\\symfony\\console\\Application.php(193): Symfony\\Component\\Console\\Application->doRun(Object(Symfony\\Component\\Console\\Input\\ArgvInput), Object(Symfony\\Component\\Console\\Output\\ConsoleOutput))
#24 C:\\Users\\Naufal\\Documents\\tugas1-api-swagger\\tugas1-api-swagger\\vendor\\laravel\\framework\\src\\Illuminate\\Foundation\\Console\\Kernel.php(198): Symfony\\Component\\Console\\Application->run(Object(Symfony\\Component\\Console\\Input\\ArgvInput), Object(Symfony\\Component\\Console\\Output\\ConsoleOutput))
#25 C:\\Users\\Naufal\\Documents\\tugas1-api-swagger\\tugas1-api-swagger\\vendor\\laravel\\framework\\src\\Illuminate\\Foundation\\Application.php(1235): Illuminate\\Foundation\\Console\\Kernel->handle(Object(Symfony\\Component\\Console\\Input\\ArgvInput), Object(Symfony\\Component\\Console\\Output\\ConsoleOutput))
#26 C:\\Users\\Naufal\\Documents\\tugas1-api-swagger\\tugas1-api-swagger\\artisan(16): Illuminate\\Foundation\\Application->handleCommand(Object(Symfony\\Component\\Console\\Input\\ArgvInput))
#27 {main}
"} 
[2025-03-12 07:01:23] local.ERROR: Database connection [MySQL] not configured. {"exception":"[object] (InvalidArgumentException(code: 0): Database connection [MySQL] not configured. at C:\\Users\\Naufal\\Documents\\tugas1-api-swagger\\tugas1-api-swagger\\vendor\\laravel\\framework\\src\\Illuminate\\Database\\DatabaseManager.php:227)
[stacktrace]
#0 C:\\Users\\Naufal\\Documents\\tugas1-api-swagger\\tugas1-api-swagger\\vendor\\laravel\\framework\\src\\Illuminate\\Database\\DatabaseManager.php(191): Illuminate\\Database\\DatabaseManager->configuration('MySQL')
#1 C:\\Users\\Naufal\\Documents\\tugas1-api-swagger\\tugas1-api-swagger\\vendor\\laravel\\framework\\src\\Illuminate\\Database\\DatabaseManager.php(103): Illuminate\\Database\\DatabaseManager->makeConnection('MySQL')
#2 C:\\Users\\Naufal\\Documents\\tugas1-api-swagger\\tugas1-api-swagger\\vendor\\laravel\\framework\\src\\Illuminate\\Database\\Migrations\\DatabaseMigrationRepository.php(226): Illuminate\\Database\\DatabaseManager->connection('MySQL')
#3 C:\\Users\\Naufal\\Documents\\tugas1-api-swagger\\tugas1-api-swagger\\vendor\\laravel\\framework\\src\\Illuminate\\Database\\Migrations\\DatabaseMigrationRepository.php(182): Illuminate\\Database\\Migrations\\DatabaseMigrationRepository->getConnection()
#4 C:\\Users\\Naufal\\Documents\\tugas1-api-swagger\\tugas1-api-swagger\\vendor\\laravel\\framework\\src\\Illuminate\\Database\\Migrations\\Migrator.php(742): Illuminate\\Database\\Migrations\\DatabaseMigrationRepository->repositoryExists()
#5 C:\\Users\\Naufal\\Documents\\tugas1-api-swagger\\tugas1-api-swagger\\vendor\\laravel\\framework\\src\\Illuminate\\Database\\Console\\Migrations\\FreshCommand.php(68): Illuminate\\Database\\Migrations\\Migrator->repositoryExists()
#6 C:\\Users\\Naufal\\Documents\\tugas1-api-swagger\\tugas1-api-swagger\\vendor\\laravel\\framework\\src\\Illuminate\\Database\\Migrations\\Migrator.php(658): Illuminate\\Database\\Console\\Migrations\\FreshCommand->Illuminate\\Database\\Console\\Migrations\\{closure}()
#7 C:\\Users\\Naufal\\Documents\\tugas1-api-swagger\\tugas1-api-swagger\\vendor\\laravel\\framework\\src\\Illuminate\\Database\\Console\\Migrations\\FreshCommand.php(67): Illuminate\\Database\\Migrations\\Migrator->usingConnection(NULL, Object(Closure))
#8 C:\\Users\\Naufal\\Documents\\tugas1-api-swagger\\tugas1-api-swagger\\vendor\\laravel\\framework\\src\\Illuminate\\Container\\BoundMethod.php(36): Illuminate\\Database\\Console\\Migrations\\FreshCommand->handle()
#9 C:\\Users\\Naufal\\Documents\\tugas1-api-swagger\\tugas1-api-swagger\\vendor\\laravel\\framework\\src\\Illuminate\\Container\\Util.php(43): Illuminate\\Container\\BoundMethod::Illuminate\\Container\\{closure}()
#10 C:\\Users\\Naufal\\Documents\\tugas1-api-swagger\\tugas1-api-swagger\\vendor\\laravel\\framework\\src\\Illuminate\\Container\\BoundMethod.php(95): Illuminate\\Container\\Util::unwrapIfClosure(Object(Closure))
#11 C:\\Users\\Naufal\\Documents\\tugas1-api-swagger\\tugas1-api-swagger\\vendor\\laravel\\framework\\src\\Illuminate\\Container\\BoundMethod.php(35): Illuminate\\Container\\BoundMethod::callBoundMethod(Object(Illuminate\\Foundation\\Application), Array, Object(Closure))
#12 C:\\Users\\Naufal\\Documents\\tugas1-api-swagger\\tugas1-api-swagger\\vendor\\laravel\\framework\\src\\Illuminate\\Container\\Container.php(754): Illuminate\\Container\\BoundMethod::call(Object(Illuminate\\Foundation\\Application), Array, Array, NULL)
#13 C:\\Users\\Naufal\\Documents\\tugas1-api-swagger\\tugas1-api-swagger\\vendor\\laravel\\framework\\src\\Illuminate\\Console\\Command.php(213): Illuminate\\Container\\Container->call(Array)
#14 C:\\Users\\Naufal\\Documents\\tugas1-api-swagger\\tugas1-api-swagger\\vendor\\symfony\\console\\Command\\Command.php(279): Illuminate\\Console\\Command->execute(Object(Symfony\\Component\\Console\\Input\\ArgvInput), Object(Illuminate\\Console\\OutputStyle))
#15 C:\\Users\\Naufal\\Documents\\tugas1-api-swagger\\tugas1-api-swagger\\vendor\\laravel\\framework\\src\\Illuminate\\Console\\Command.php(182): Symfony\\Component\\Console\\Command\\Command->run(Object(Symfony\\Component\\Console\\Input\\ArgvInput), Object(Illuminate\\Console\\OutputStyle))
#16 C:\\Users\\Naufal\\Documents\\tugas1-api-swagger\\tugas1-api-swagger\\vendor\\symfony\\console\\Application.php(1094): Illuminate\\Console\\Command->run(Object(Symfony\\Component\\Console\\Input\\ArgvInput), Object(Symfony\\Component\\Console\\Output\\ConsoleOutput))
#17 C:\\Users\\Naufal\\Documents\\tugas1-api-swagger\\tugas1-api-swagger\\vendor\\symfony\\console\\Application.php(342): Symfony\\Component\\Console\\Application->doRunCommand(Object(Illuminate\\Database\\Console\\Migrations\\FreshCommand), Object(Symfony\\Component\\Console\\Input\\ArgvInput), Object(Symfony\\Component\\Console\\Output\\ConsoleOutput))
#18 C:\\Users\\Naufal\\Documents\\tugas1-api-swagger\\tugas1-api-swagger\\vendor\\symfony\\console\\Application.php(193): Symfony\\Component\\Console\\Application->doRun(Object(Symfony\\Component\\Console\\Input\\ArgvInput), Object(Symfony\\Component\\Console\\Output\\ConsoleOutput))
#19 C:\\Users\\Naufal\\Documents\\tugas1-api-swagger\\tugas1-api-swagger\\vendor\\laravel\\framework\\src\\Illuminate\\Foundation\\Console\\Kernel.php(198): Symfony\\Component\\Console\\Application->run(Object(Symfony\\Component\\Console\\Input\\ArgvInput), Object(Symfony\\Component\\Console\\Output\\ConsoleOutput))
#20 C:\\Users\\Naufal\\Documents\\tugas1-api-swagger\\tugas1-api-swagger\\vendor\\laravel\\framework\\src\\Illuminate\\Foundation\\Application.php(1235): Illuminate\\Foundation\\Console\\Kernel->handle(Object(Symfony\\Component\\Console\\Input\\ArgvInput), Object(Symfony\\Component\\Console\\Output\\ConsoleOutput))
#21 C:\\Users\\Naufal\\Documents\\tugas1-api-swagger\\tugas1-api-swagger\\artisan(16): Illuminate\\Foundation\\Application->handleCommand(Object(Symfony\\Component\\Console\\Input\\ArgvInput))
#22 {main}
"} 
[2025-03-12 07:08:52] local.ERROR: Command "db:create" is not defined.

Did you mean one of these?
    db
    db:monitor
    db:seed
    db:show
    db:table
    db:wipe {"exception":"[object] (Symfony\\Component\\Console\\Exception\\CommandNotFoundException(code: 0): Command \"db:create\" is not defined.

Did you mean one of these?
    db
    db:monitor
    db:seed
    db:show
    db:table
    db:wipe at C:\\Users\\Naufal\\Documents\\tugas1-api-swagger\\tugas1-api-swagger\\vendor\\symfony\\console\\Application.php:726)
[stacktrace]
#0 C:\\Users\\Naufal\\Documents\\tugas1-api-swagger\\tugas1-api-swagger\\vendor\\symfony\\console\\Application.php(284): Symfony\\Component\\Console\\Application->find('db:create')
#1 C:\\Users\\Naufal\\Documents\\tugas1-api-swagger\\tugas1-api-swagger\\vendor\\symfony\\console\\Application.php(193): Symfony\\Component\\Console\\Application->doRun(Object(Symfony\\Component\\Console\\Input\\ArgvInput), Object(Symfony\\Component\\Console\\Output\\ConsoleOutput))
#2 C:\\Users\\Naufal\\Documents\\tugas1-api-swagger\\tugas1-api-swagger\\vendor\\laravel\\framework\\src\\Illuminate\\Foundation\\Console\\Kernel.php(198): Symfony\\Component\\Console\\Application->run(Object(Symfony\\Component\\Console\\Input\\ArgvInput), Object(Symfony\\Component\\Console\\Output\\ConsoleOutput))
#3 C:\\Users\\Naufal\\Documents\\tugas1-api-swagger\\tugas1-api-swagger\\vendor\\laravel\\framework\\src\\Illuminate\\Foundation\\Application.php(1235): Illuminate\\Foundation\\Console\\Kernel->handle(Object(Symfony\\Component\\Console\\Input\\ArgvInput), Object(Symfony\\Component\\Console\\Output\\ConsoleOutput))
#4 C:\\Users\\Naufal\\Documents\\tugas1-api-swagger\\tugas1-api-swagger\\artisan(16): Illuminate\\Foundation\\Application->handleCommand(Object(Symfony\\Component\\Console\\Input\\ArgvInput))
#5 {main}
"} 
[2025-03-12 07:09:52] local.ERROR: Required @OA\Info() not found {"exception":"[object] (ErrorException(code: 0): Required @OA\\Info() not found at C:\\Users\\Naufal\\Documents\\tugas1-api-swagger\\tugas1-api-swagger\\vendor\\zircote\\swagger-php\\src\\Loggers\\DefaultLogger.php:23)
[stacktrace]
#0 C:\\Users\\Naufal\\Documents\\tugas1-api-swagger\\tugas1-api-swagger\\vendor\\laravel\\framework\\src\\Illuminate\\Foundation\\Bootstrap\\HandleExceptions.php(256): Illuminate\\Foundation\\Bootstrap\\HandleExceptions->handleError(512, 'Required @OA\\\\In...', 'C:\\\\Users\\\\Naufal...', 23)
#1 [internal function]: Illuminate\\Foundation\\Bootstrap\\HandleExceptions->Illuminate\\Foundation\\Bootstrap\\{closure}(512, 'Required @OA\\\\In...', 'C:\\\\Users\\\\Naufal...', 23)
#2 C:\\Users\\Naufal\\Documents\\tugas1-api-swagger\\tugas1-api-swagger\\vendor\\zircote\\swagger-php\\src\\Loggers\\DefaultLogger.php(23): trigger_error('Required @OA\\\\In...', 512)
#3 C:\\Users\\Naufal\\Documents\\tugas1-api-swagger\\tugas1-api-swagger\\vendor\\psr\\log\\src\\LoggerTrait.php(61): OpenApi\\Loggers\\DefaultLogger->log('warning', 'Required @OA\\\\In...', Array)
#4 C:\\Users\\Naufal\\Documents\\tugas1-api-swagger\\tugas1-api-swagger\\vendor\\zircote\\swagger-php\\src\\Annotations\\AbstractAnnotation.php(530): Psr\\Log\\AbstractLogger->warning('Required @OA\\\\In...')
#5 C:\\Users\\Naufal\\Documents\\tugas1-api-swagger\\tugas1-api-swagger\\vendor\\zircote\\swagger-php\\src\\Annotations\\OpenApi.php(170): OpenApi\\Annotations\\AbstractAnnotation->validate(Array, Array, '#', Object(stdClass))
#6 C:\\Users\\Naufal\\Documents\\tugas1-api-swagger\\tugas1-api-swagger\\vendor\\zircote\\swagger-php\\src\\Analysis.php(423): OpenApi\\Annotations\\OpenApi->validate()
#7 C:\\Users\\Naufal\\Documents\\tugas1-api-swagger\\tugas1-api-swagger\\vendor\\zircote\\swagger-php\\src\\Generator.php(370): OpenApi\\Analysis->validate()
#8 C:\\Users\\Naufal\\Documents\\tugas1-api-swagger\\tugas1-api-swagger\\vendor\\darkaonline\\l5-swagger\\src\\Generator.php(177): OpenApi\\Generator->generate(Object(Symfony\\Component\\Finder\\Finder), Object(OpenApi\\Analysis))
#9 C:\\Users\\Naufal\\Documents\\tugas1-api-swagger\\tugas1-api-swagger\\vendor\\darkaonline\\l5-swagger\\src\\Generator.php(118): L5Swagger\\Generator->scanFilesForDocumentation()
#10 C:\\Users\\Naufal\\Documents\\tugas1-api-swagger\\tugas1-api-swagger\\vendor\\darkaonline\\l5-swagger\\src\\Console\\GenerateDocsCommand.php(73): L5Swagger\\Generator->generateDocs()
#11 C:\\Users\\Naufal\\Documents\\tugas1-api-swagger\\tugas1-api-swagger\\vendor\\darkaonline\\l5-swagger\\src\\Console\\GenerateDocsCommand.php(56): L5Swagger\\Console\\GenerateDocsCommand->generateDocumentation(Object(L5Swagger\\GeneratorFactory), 'default')
#12 C:\\Users\\Naufal\\Documents\\tugas1-api-swagger\\tugas1-api-swagger\\vendor\\laravel\\framework\\src\\Illuminate\\Container\\BoundMethod.php(36): L5Swagger\\Console\\GenerateDocsCommand->handle(Object(L5Swagger\\GeneratorFactory))
#13 C:\\Users\\Naufal\\Documents\\tugas1-api-swagger\\tugas1-api-swagger\\vendor\\laravel\\framework\\src\\Illuminate\\Container\\Util.php(43): Illuminate\\Container\\BoundMethod::Illuminate\\Container\\{closure}()
#14 C:\\Users\\Naufal\\Documents\\tugas1-api-swagger\\tugas1-api-swagger\\vendor\\laravel\\framework\\src\\Illuminate\\Container\\BoundMethod.php(95): Illuminate\\Container\\Util::unwrapIfClosure(Object(Closure))
#15 C:\\Users\\Naufal\\Documents\\tugas1-api-swagger\\tugas1-api-swagger\\vendor\\laravel\\framework\\src\\Illuminate\\Container\\BoundMethod.php(35): Illuminate\\Container\\BoundMethod::callBoundMethod(Object(Illuminate\\Foundation\\Application), Array, Object(Closure))
#16 C:\\Users\\Naufal\\Documents\\tugas1-api-swagger\\tugas1-api-swagger\\vendor\\laravel\\framework\\src\\Illuminate\\Container\\Container.php(754): Illuminate\\Container\\BoundMethod::call(Object(Illuminate\\Foundation\\Application), Array, Array, NULL)
#17 C:\\Users\\Naufal\\Documents\\tugas1-api-swagger\\tugas1-api-swagger\\vendor\\laravel\\framework\\src\\Illuminate\\Console\\Command.php(213): Illuminate\\Container\\Container->call(Array)
#18 C:\\Users\\Naufal\\Documents\\tugas1-api-swagger\\tugas1-api-swagger\\vendor\\symfony\\console\\Command\\Command.php(279): Illuminate\\Console\\Command->execute(Object(Symfony\\Component\\Console\\Input\\ArgvInput), Object(Illuminate\\Console\\OutputStyle))
#19 C:\\Users\\Naufal\\Documents\\tugas1-api-swagger\\tugas1-api-swagger\\vendor\\laravel\\framework\\src\\Illuminate\\Console\\Command.php(182): Symfony\\Component\\Console\\Command\\Command->run(Object(Symfony\\Component\\Console\\Input\\ArgvInput), Object(Illuminate\\Console\\OutputStyle))
#20 C:\\Users\\Naufal\\Documents\\tugas1-api-swagger\\tugas1-api-swagger\\vendor\\symfony\\console\\Application.php(1094): Illuminate\\Console\\Command->run(Object(Symfony\\Component\\Console\\Input\\ArgvInput), Object(Symfony\\Component\\Console\\Output\\ConsoleOutput))
#21 C:\\Users\\Naufal\\Documents\\tugas1-api-swagger\\tugas1-api-swagger\\vendor\\symfony\\console\\Application.php(342): Symfony\\Component\\Console\\Application->doRunCommand(Object(L5Swagger\\Console\\GenerateDocsCommand), Object(Symfony\\Component\\Console\\Input\\ArgvInput), Object(Symfony\\Component\\Console\\Output\\ConsoleOutput))
#22 C:\\Users\\Naufal\\Documents\\tugas1-api-swagger\\tugas1-api-swagger\\vendor\\symfony\\console\\Application.php(193): Symfony\\Component\\Console\\Application->doRun(Object(Symfony\\Component\\Console\\Input\\ArgvInput), Object(Symfony\\Component\\Console\\Output\\ConsoleOutput))
#23 C:\\Users\\Naufal\\Documents\\tugas1-api-swagger\\tugas1-api-swagger\\vendor\\laravel\\framework\\src\\Illuminate\\Foundation\\Console\\Kernel.php(198): Symfony\\Component\\Console\\Application->run(Object(Symfony\\Component\\Console\\Input\\ArgvInput), Object(Symfony\\Component\\Console\\Output\\ConsoleOutput))
#24 C:\\Users\\Naufal\\Documents\\tugas1-api-swagger\\tugas1-api-swagger\\vendor\\laravel\\framework\\src\\Illuminate\\Foundation\\Application.php(1235): Illuminate\\Foundation\\Console\\Kernel->handle(Object(Symfony\\Component\\Console\\Input\\ArgvInput), Object(Symfony\\Component\\Console\\Output\\ConsoleOutput))
#25 C:\\Users\\Naufal\\Documents\\tugas1-api-swagger\\tugas1-api-swagger\\artisan(16): Illuminate\\Foundation\\Application->handleCommand(Object(Symfony\\Component\\Console\\Input\\ArgvInput))
#26 {main}
"} 
[2025-03-12 07:14:38] local.ERROR: Required @OA\Info() not found {"exception":"[object] (ErrorException(code: 0): Required @OA\\Info() not found at C:\\Users\\Naufal\\Documents\\tugas1-api-swagger\\tugas1-api-swagger\\vendor\\zircote\\swagger-php\\src\\Loggers\\DefaultLogger.php:23)
[stacktrace]
#0 C:\\Users\\Naufal\\Documents\\tugas1-api-swagger\\tugas1-api-swagger\\vendor\\laravel\\framework\\src\\Illuminate\\Foundation\\Bootstrap\\HandleExceptions.php(256): Illuminate\\Foundation\\Bootstrap\\HandleExceptions->handleError(512, 'Required @OA\\\\In...', 'C:\\\\Users\\\\Naufal...', 23)
#1 [internal function]: Illuminate\\Foundation\\Bootstrap\\HandleExceptions->Illuminate\\Foundation\\Bootstrap\\{closure}(512, 'Required @OA\\\\In...', 'C:\\\\Users\\\\Naufal...', 23)
#2 C:\\Users\\Naufal\\Documents\\tugas1-api-swagger\\tugas1-api-swagger\\vendor\\zircote\\swagger-php\\src\\Loggers\\DefaultLogger.php(23): trigger_error('Required @OA\\\\In...', 512)
#3 C:\\Users\\Naufal\\Documents\\tugas1-api-swagger\\tugas1-api-swagger\\vendor\\psr\\log\\src\\LoggerTrait.php(61): OpenApi\\Loggers\\DefaultLogger->log('warning', 'Required @OA\\\\In...', Array)
#4 C:\\Users\\Naufal\\Documents\\tugas1-api-swagger\\tugas1-api-swagger\\vendor\\zircote\\swagger-php\\src\\Annotations\\AbstractAnnotation.php(530): Psr\\Log\\AbstractLogger->warning('Required @OA\\\\In...')
#5 C:\\Users\\Naufal\\Documents\\tugas1-api-swagger\\tugas1-api-swagger\\vendor\\zircote\\swagger-php\\src\\Annotations\\OpenApi.php(170): OpenApi\\Annotations\\AbstractAnnotation->validate(Array, Array, '#', Object(stdClass))
#6 C:\\Users\\Naufal\\Documents\\tugas1-api-swagger\\tugas1-api-swagger\\vendor\\zircote\\swagger-php\\src\\Analysis.php(423): OpenApi\\Annotations\\OpenApi->validate()
#7 C:\\Users\\Naufal\\Documents\\tugas1-api-swagger\\tugas1-api-swagger\\vendor\\zircote\\swagger-php\\src\\Generator.php(370): OpenApi\\Analysis->validate()
#8 C:\\Users\\Naufal\\Documents\\tugas1-api-swagger\\tugas1-api-swagger\\vendor\\darkaonline\\l5-swagger\\src\\Generator.php(177): OpenApi\\Generator->generate(Object(Symfony\\Component\\Finder\\Finder), Object(OpenApi\\Analysis))
#9 C:\\Users\\Naufal\\Documents\\tugas1-api-swagger\\tugas1-api-swagger\\vendor\\darkaonline\\l5-swagger\\src\\Generator.php(118): L5Swagger\\Generator->scanFilesForDocumentation()
#10 C:\\Users\\Naufal\\Documents\\tugas1-api-swagger\\tugas1-api-swagger\\vendor\\darkaonline\\l5-swagger\\src\\Console\\GenerateDocsCommand.php(73): L5Swagger\\Generator->generateDocs()
#11 C:\\Users\\Naufal\\Documents\\tugas1-api-swagger\\tugas1-api-swagger\\vendor\\darkaonline\\l5-swagger\\src\\Console\\GenerateDocsCommand.php(56): L5Swagger\\Console\\GenerateDocsCommand->generateDocumentation(Object(L5Swagger\\GeneratorFactory), 'default')
#12 C:\\Users\\Naufal\\Documents\\tugas1-api-swagger\\tugas1-api-swagger\\vendor\\laravel\\framework\\src\\Illuminate\\Container\\BoundMethod.php(36): L5Swagger\\Console\\GenerateDocsCommand->handle(Object(L5Swagger\\GeneratorFactory))
#13 C:\\Users\\Naufal\\Documents\\tugas1-api-swagger\\tugas1-api-swagger\\vendor\\laravel\\framework\\src\\Illuminate\\Container\\Util.php(43): Illuminate\\Container\\BoundMethod::Illuminate\\Container\\{closure}()
#14 C:\\Users\\Naufal\\Documents\\tugas1-api-swagger\\tugas1-api-swagger\\vendor\\laravel\\framework\\src\\Illuminate\\Container\\BoundMethod.php(95): Illuminate\\Container\\Util::unwrapIfClosure(Object(Closure))
#15 C:\\Users\\Naufal\\Documents\\tugas1-api-swagger\\tugas1-api-swagger\\vendor\\laravel\\framework\\src\\Illuminate\\Container\\BoundMethod.php(35): Illuminate\\Container\\BoundMethod::callBoundMethod(Object(Illuminate\\Foundation\\Application), Array, Object(Closure))
#16 C:\\Users\\Naufal\\Documents\\tugas1-api-swagger\\tugas1-api-swagger\\vendor\\laravel\\framework\\src\\Illuminate\\Container\\Container.php(754): Illuminate\\Container\\BoundMethod::call(Object(Illuminate\\Foundation\\Application), Array, Array, NULL)
#17 C:\\Users\\Naufal\\Documents\\tugas1-api-swagger\\tugas1-api-swagger\\vendor\\laravel\\framework\\src\\Illuminate\\Console\\Command.php(213): Illuminate\\Container\\Container->call(Array)
#18 C:\\Users\\Naufal\\Documents\\tugas1-api-swagger\\tugas1-api-swagger\\vendor\\symfony\\console\\Command\\Command.php(279): Illuminate\\Console\\Command->execute(Object(Symfony\\Component\\Console\\Input\\ArgvInput), Object(Illuminate\\Console\\OutputStyle))
#19 C:\\Users\\Naufal\\Documents\\tugas1-api-swagger\\tugas1-api-swagger\\vendor\\laravel\\framework\\src\\Illuminate\\Console\\Command.php(182): Symfony\\Component\\Console\\Command\\Command->run(Object(Symfony\\Component\\Console\\Input\\ArgvInput), Object(Illuminate\\Console\\OutputStyle))
#20 C:\\Users\\Naufal\\Documents\\tugas1-api-swagger\\tugas1-api-swagger\\vendor\\symfony\\console\\Application.php(1094): Illuminate\\Console\\Command->run(Object(Symfony\\Component\\Console\\Input\\ArgvInput), Object(Symfony\\Component\\Console\\Output\\ConsoleOutput))
#21 C:\\Users\\Naufal\\Documents\\tugas1-api-swagger\\tugas1-api-swagger\\vendor\\symfony\\console\\Application.php(342): Symfony\\Component\\Console\\Application->doRunCommand(Object(L5Swagger\\Console\\GenerateDocsCommand), Object(Symfony\\Component\\Console\\Input\\ArgvInput), Object(Symfony\\Component\\Console\\Output\\ConsoleOutput))
#22 C:\\Users\\Naufal\\Documents\\tugas1-api-swagger\\tugas1-api-swagger\\vendor\\symfony\\console\\Application.php(193): Symfony\\Component\\Console\\Application->doRun(Object(Symfony\\Component\\Console\\Input\\ArgvInput), Object(Symfony\\Component\\Console\\Output\\ConsoleOutput))
#23 C:\\Users\\Naufal\\Documents\\tugas1-api-swagger\\tugas1-api-swagger\\vendor\\laravel\\framework\\src\\Illuminate\\Foundation\\Console\\Kernel.php(198): Symfony\\Component\\Console\\Application->run(Object(Symfony\\Component\\Console\\Input\\ArgvInput), Object(Symfony\\Component\\Console\\Output\\ConsoleOutput))
#24 C:\\Users\\Naufal\\Documents\\tugas1-api-swagger\\tugas1-api-swagger\\vendor\\laravel\\framework\\src\\Illuminate\\Foundation\\Application.php(1235): Illuminate\\Foundation\\Console\\Kernel->handle(Object(Symfony\\Component\\Console\\Input\\ArgvInput), Object(Symfony\\Component\\Console\\Output\\ConsoleOutput))
#25 C:\\Users\\Naufal\\Documents\\tugas1-api-swagger\\tugas1-api-swagger\\artisan(16): Illuminate\\Foundation\\Application->handleCommand(Object(Symfony\\Component\\Console\\Input\\ArgvInput))
#26 {main}
"} 
[2025-03-12 07:14:44] local.ERROR: Documentation config not found {"exception":"[object] (L5Swagger\\Exceptions\\L5SwaggerException(code: 0): Documentation config not found at C:\\Users\\Naufal\\Documents\\tugas1-api-swagger\\tugas1-api-swagger\\vendor\\darkaonline\\l5-swagger\\src\\ConfigFactory.php:28)
[stacktrace]
#0 C:\\Users\\Naufal\\Documents\\tugas1-api-swagger\\tugas1-api-swagger\\vendor\\darkaonline\\l5-swagger\\src\\GeneratorFactory.php(23): L5Swagger\\ConfigFactory->documentationConfig('generate')
#1 C:\\Users\\Naufal\\Documents\\tugas1-api-swagger\\tugas1-api-swagger\\vendor\\darkaonline\\l5-swagger\\src\\Console\\GenerateDocsCommand.php(72): L5Swagger\\GeneratorFactory->make('generate')
#2 C:\\Users\\Naufal\\Documents\\tugas1-api-swagger\\tugas1-api-swagger\\vendor\\darkaonline\\l5-swagger\\src\\Console\\GenerateDocsCommand.php(56): L5Swagger\\Console\\GenerateDocsCommand->generateDocumentation(Object(L5Swagger\\GeneratorFactory), 'generate')
#3 C:\\Users\\Naufal\\Documents\\tugas1-api-swagger\\tugas1-api-swagger\\vendor\\laravel\\framework\\src\\Illuminate\\Container\\BoundMethod.php(36): L5Swagger\\Console\\GenerateDocsCommand->handle(Object(L5Swagger\\GeneratorFactory))
#4 C:\\Users\\Naufal\\Documents\\tugas1-api-swagger\\tugas1-api-swagger\\vendor\\laravel\\framework\\src\\Illuminate\\Container\\Util.php(43): Illuminate\\Container\\BoundMethod::Illuminate\\Container\\{closure}()
#5 C:\\Users\\Naufal\\Documents\\tugas1-api-swagger\\tugas1-api-swagger\\vendor\\laravel\\framework\\src\\Illuminate\\Container\\BoundMethod.php(95): Illuminate\\Container\\Util::unwrapIfClosure(Object(Closure))
#6 C:\\Users\\Naufal\\Documents\\tugas1-api-swagger\\tugas1-api-swagger\\vendor\\laravel\\framework\\src\\Illuminate\\Container\\BoundMethod.php(35): Illuminate\\Container\\BoundMethod::callBoundMethod(Object(Illuminate\\Foundation\\Application), Array, Object(Closure))
#7 C:\\Users\\Naufal\\Documents\\tugas1-api-swagger\\tugas1-api-swagger\\vendor\\laravel\\framework\\src\\Illuminate\\Container\\Container.php(754): Illuminate\\Container\\BoundMethod::call(Object(Illuminate\\Foundation\\Application), Array, Array, NULL)
#8 C:\\Users\\Naufal\\Documents\\tugas1-api-swagger\\tugas1-api-swagger\\vendor\\laravel\\framework\\src\\Illuminate\\Console\\Command.php(213): Illuminate\\Container\\Container->call(Array)
#9 C:\\Users\\Naufal\\Documents\\tugas1-api-swagger\\tugas1-api-swagger\\vendor\\symfony\\console\\Command\\Command.php(279): Illuminate\\Console\\Command->execute(Object(Symfony\\Component\\Console\\Input\\ArgvInput), Object(Illuminate\\Console\\OutputStyle))
#10 C:\\Users\\Naufal\\Documents\\tugas1-api-swagger\\tugas1-api-swagger\\vendor\\laravel\\framework\\src\\Illuminate\\Console\\Command.php(182): Symfony\\Component\\Console\\Command\\Command->run(Object(Symfony\\Component\\Console\\Input\\ArgvInput), Object(Illuminate\\Console\\OutputStyle))
#11 C:\\Users\\Naufal\\Documents\\tugas1-api-swagger\\tugas1-api-swagger\\vendor\\symfony\\console\\Application.php(1094): Illuminate\\Console\\Command->run(Object(Symfony\\Component\\Console\\Input\\ArgvInput), Object(Symfony\\Component\\Console\\Output\\ConsoleOutput))
#12 C:\\Users\\Naufal\\Documents\\tugas1-api-swagger\\tugas1-api-swagger\\vendor\\symfony\\console\\Application.php(342): Symfony\\Component\\Console\\Application->doRunCommand(Object(L5Swagger\\Console\\GenerateDocsCommand), Object(Symfony\\Component\\Console\\Input\\ArgvInput), Object(Symfony\\Component\\Console\\Output\\ConsoleOutput))
#13 C:\\Users\\Naufal\\Documents\\tugas1-api-swagger\\tugas1-api-swagger\\vendor\\symfony\\console\\Application.php(193): Symfony\\Component\\Console\\Application->doRun(Object(Symfony\\Component\\Console\\Input\\ArgvInput), Object(Symfony\\Component\\Console\\Output\\ConsoleOutput))
#14 C:\\Users\\Naufal\\Documents\\tugas1-api-swagger\\tugas1-api-swagger\\vendor\\laravel\\framework\\src\\Illuminate\\Foundation\\Console\\Kernel.php(198): Symfony\\Component\\Console\\Application->run(Object(Symfony\\Component\\Console\\Input\\ArgvInput), Object(Symfony\\Component\\Console\\Output\\ConsoleOutput))
#15 C:\\Users\\Naufal\\Documents\\tugas1-api-swagger\\tugas1-api-swagger\\vendor\\laravel\\framework\\src\\Illuminate\\Foundation\\Application.php(1235): Illuminate\\Foundation\\Console\\Kernel->handle(Object(Symfony\\Component\\Console\\Input\\ArgvInput), Object(Symfony\\Component\\Console\\Output\\ConsoleOutput))
#16 C:\\Users\\Naufal\\Documents\\tugas1-api-swagger\\tugas1-api-swagger\\artisan(16): Illuminate\\Foundation\\Application->handleCommand(Object(Symfony\\Component\\Console\\Input\\ArgvInput))
#17 {main}
"} 
